Added Component: Designator=U5(LQFP64)
Added Pin To Net: NetName=+3V3 Pin=U5-1
Added Pin To Net: NetName=NetQ4_2 Pin=U5-2
Added Pin To Net: NetName=NetQ4_5 Pin=U5-3
Added Pin To Net: NetName=NetQ5_2 Pin=U5-4
Added Pin To Net: NetName=NetQ5_5 Pin=U5-5
Added Pin To Net: NetName=NetR15_1 Pin=U5-6
Added Pin To Net: NetName=NetC14_2 Pin=U5-7
Added Pin To Net: NetName=NetR10_1 Pin=U5-8
Added Pin To Net: NetName=NetR16_1 Pin=U5-9
Added Pin To Net: NetName=NetC3_1 Pin=U5-10
Added Pin To Net: NetName=NetC5_1 Pin=U5-11
Added Pin To Net: NetName=GND Pin=U5-12
Added Pin To Net: NetName=+3V3 Pin=U5-13
Added Pin To Net: NetName=NetC11_2 Pin=U5-14
Added Pin To Net: NetName=NetC12_2 Pin=U5-15
Added Pin To Net: NetName=NetP13_5 Pin=U5-16
Added Pin To Net: NetName=NetP13_4 Pin=U5-17
Added Pin To Net: NetName=GND Pin=U5-18
Added Pin To Net: NetName=+3V3 Pin=U5-19
Added Pin To Net: NetName=NetC23_1 Pin=U5-20
Added Pin To Net: NetName=NetU3_1 Pin=U5-21
Added Pin To Net: NetName=NetU4_5 Pin=U5-22
Added Pin To Net: NetName=NetU4_9 Pin=U5-23
Added Pin To Net: NetName=NetU5_24 Pin=U5-24
Added Pin To Net: NetName=NetR29_2 Pin=U5-25
Added Pin To Net: NetName=NetC2_1 Pin=U5-26
Added Pin To Net: NetName=NetC4_2 Pin=U5-27
Added Pin To Net: NetName=NetP2_1 Pin=U5-28
Added Pin To Net: NetName=NetC13_2 Pin=U5-29
Added Pin To Net: NetName=NetP2_2 Pin=U5-30
Added Pin To Net: NetName=GND Pin=U5-31
Added Pin To Net: NetName=+3V3 Pin=U5-32
Added Pin To Net: NetName=NetR9_1 Pin=U5-33
Added Pin To Net: NetName=NetQ3_1 Pin=U5-34
Added Pin To Net: NetName=NetP2_3 Pin=U5-35
Added Pin To Net: NetName=NetP2_4 Pin=U5-36
Added Pin To Net: NetName=NetP2_12 Pin=U5-37
Added Pin To Net: NetName=NetP2_11 Pin=U5-38
Added Pin To Net: NetName=NetP2_10 Pin=U5-39
Added Pin To Net: NetName=NetU2_2 Pin=U5-40
Added Pin To Net: NetName=NetU2_1 Pin=U5-41
Added Pin To Net: NetName=NetU2_3 Pin=U5-42
Added Pin To Net: NetName=NetU2_5 Pin=U5-43
Added Pin To Net: NetName=NetU1_4 Pin=U5-44
Added Pin To Net: NetName=NetU1_1 Pin=U5-45
Added Pin To Net: NetName=NetP12_2 Pin=U5-46
Added Pin To Net: NetName=GND Pin=U5-47
Added Pin To Net: NetName=+3V3 Pin=U5-48
Added Pin To Net: NetName=NetP12_3 Pin=U5-49
Added Pin To Net: NetName=NetU5_50 Pin=U5-50
Added Pin To Net: NetName=NetP2_9 Pin=U5-51
Added Pin To Net: NetName=NetP2_8 Pin=U5-52
Added Pin To Net: NetName=NetP2_6 Pin=U5-53
Added Pin To Net: NetName=NetP2_5 Pin=U5-54
Added Pin To Net: NetName=NetU5_55 Pin=U5-55
Added Pin To Net: NetName=NetU5_56 Pin=U5-56
Added Pin To Net: NetName=NetU5_57 Pin=U5-57
Added Pin To Net: NetName=NetU4_3 Pin=U5-58
Added Pin To Net: NetName=NetU4_1 Pin=U5-59
Added Pin To Net: NetName=NetR27_2 Pin=U5-60
Added Pin To Net: NetName=NetR14_2 Pin=U5-61
Added Pin To Net: NetName=NetR8_2 Pin=U5-62
Added Pin To Net: NetName=GND Pin=U5-63
Added Pin To Net: NetName=+3V3 Pin=U5-64
Added Member To Class: ClassName=Microcontroller Member=Component U5 STM32F103RBT6
