Removed Pin From Net: NetName=+3V3 Pin=U4-6
Removed Pin From Net: NetName=+3V3 Pin=U4-10
Added Pin To Net: NetName=NetU4_5 Pin=U4-6
Added Pin To Net: NetName=NetU4_9 Pin=U4-10
Change Net Name : Old Net Name=NetC2_1 New Net Name=DRIVE_TEMPERATURE
Change Net Name : Old Net Name=NetC3_1 New Net Name=COOLANT_IN_TEMP
Change Net Name : Old Net Name=NetC4_2 New Net Name=MOTOR_TEMPERATURE
Change Net Name : Old Net Name=NetC5_1 New Net Name=COOLANT_OUT_TEMP
Change Net Name : Old Net Name=NetC11_2 New Net Name=HALL_U
Change Net Name : Old Net Name=NetC12_2 New Net Name=HALL_V
Change Net Name : Old Net Name=NetC13_2 New Net Name=HALL_W
Change Net Name : Old Net Name=NetC14_2 New Net Name=NRST
Change Net Name : Old Net Name=NetC23_1 New Net Name=CONTROL_CURRENT_SENSE
Change Net Name : Old Net Name=NetP1_1 New Net Name=CAN_H
Change Net Name : Old Net Name=NetP2_1 New Net Name=GPIO_0
Change Net Name : Old Net Name=NetP2_2 New Net Name=GPIO_1
Change Net Name : Old Net Name=NetP2_3 New Net Name=GPIO_2
Change Net Name : Old Net Name=NetP2_4 New Net Name=GPIO_3
Change Net Name : Old Net Name=NetP2_5 New Net Name=GPIO_4
Change Net Name : Old Net Name=NetP2_6 New Net Name=GPIO_5
Change Net Name : Old Net Name=NetP2_8 New Net Name=GPIO_6
Change Net Name : Old Net Name=NetP2_9 New Net Name=GPIO_7
Change Net Name : Old Net Name=NetP2_10 New Net Name=GPIO_8
Change Net Name : Old Net Name=NetP2_11 New Net Name=GPIO_9
Change Net Name : Old Net Name=NetP2_12 New Net Name=GPIO_10
Change Net Name : Old Net Name=NetP3_2 New Net Name=CAN_L
Change Net Name : Old Net Name=NetP3_3 New Net Name=12V_RAW
Change Net Name : Old Net Name=NetP4_3 New Net Name=MIVA
Change Net Name : Old Net Name=NetP4_4 New Net Name=MFIV
Change Net Name : Old Net Name=NetP4_6 New Net Name=MUU
Change Net Name : Old Net Name=NetP4_7 New Net Name=MVU
Change Net Name : Old Net Name=NetP4_8 New Net Name=MWU
Change Net Name : Old Net Name=NetP4_9 New Net Name=MSDN
Change Net Name : Old Net Name=NetP5_2 New Net Name=FCV
Change Net Name : Old Net Name=NetP5_4 New Net Name=CPWM
Change Net Name : Old Net Name=NetP5_5 New Net Name=CSDN
Change Net Name : Old Net Name=NetP8_1 New Net Name=ESTOP
Change Net Name : Old Net Name=NetP8_2 New Net Name=BRAKE
Change Net Name : Old Net Name=NetP8_4 New Net Name=THROTTLE_0_HI
Change Net Name : Old Net Name=NetP8_5 New Net Name=THROTTLE_1_HI
Change Net Name : Old Net Name=NetP9_3 New Net Name=PUMP_GROUND
Change Net Name : Old Net Name=NetP9_4 New Net Name=FAN_GROUND
Change Net Name : Old Net Name=NetP11_2 New Net Name=FAULT
Change Net Name : Old Net Name=NetP12_2 New Net Name=SWDIO
Change Net Name : Old Net Name=NetP12_3 New Net Name=SWCLK
Change Net Name : Old Net Name=NetP13_4 New Net Name=USART_RX
Change Net Name : Old Net Name=NetP13_5 New Net Name=USART_TX
Change Net Name : Old Net Name=NetQ3_1 New Net Name=FAULT_OUT
Change Net Name : Old Net Name=NetQ4_2 New Net Name=HEARTBEAT_LED
Change Net Name : Old Net Name=NetQ4_5 New Net Name=OK_LED
Change Net Name : Old Net Name=NetQ5_2 New Net Name=DIAG_LED_0
Change Net Name : Old Net Name=NetQ5_5 New Net Name=DIAG_LED_1
Change Net Name : Old Net Name=NetR8_2 New Net Name=MOTOR_FAIL
Change Net Name : Old Net Name=NetR9_1 New Net Name=ESTOP_IN
Change Net Name : Old Net Name=NetR10_1 New Net Name=THROTTLE_0
Change Net Name : Old Net Name=NetR14_2 New Net Name=BOOST_FAIL
Change Net Name : Old Net Name=NetR15_1 New Net Name=BRAKE_IN
Change Net Name : Old Net Name=NetR16_1 New Net Name=THROTTLE_1
Change Net Name : Old Net Name=NetR29_2 New Net Name=SYSTEM_VOLTAGE
Change Net Name : Old Net Name=NetU1_1 New Net Name=CAN_TX
Change Net Name : Old Net Name=NetU1_4 New Net Name=CAN_RX
Change Net Name : Old Net Name=NetU2_1 New Net Name=MOT_PWM_U
Change Net Name : Old Net Name=NetU2_2 New Net Name=MOTOR_ENABLE
Change Net Name : Old Net Name=NetU2_3 New Net Name=MOT_PWM_V
Change Net Name : Old Net Name=NetU2_5 New Net Name=MOT_PWM_W
Change Net Name : Old Net Name=NetU3_1 New Net Name=MOTOR_CURRENT_SENSE
Change Net Name : Old Net Name=NetU4_1 New Net Name=BOOST_ENABLE
Change Net Name : Old Net Name=NetU4_3 New Net Name=BOOST_PWM
Change Net Name : Old Net Name=NetU4_5 New Net Name=PUMP_PWM
Change Net Name : Old Net Name=NetU4_9 New Net Name=FAN_PWM
Change Net Name : Old Net Name=NetU5_24 New Net Name=DC_LINK_VOLTAGE
Change Net Name : Old Net Name=NetU5_50 New Net Name=FLASH_SS
Change Net Name : Old Net Name=NetU5_55 New Net Name=FLASH_SCK
Change Net Name : Old Net Name=NetU5_56 New Net Name=FLASH_MISO
Change Net Name : Old Net Name=NetU5_57 New Net Name=FLASH_MOSI
